#
# There is insufficient memory for the Java Runtime Environment to continue.
# Native memory allocation (malloc) failed to allocate 1841152 bytes for Chunk::new
# Possible reasons:
#   The system is out of physical RAM or swap space
#   The process is running with CompressedOops enabled, and the Java Heap may be blocking the growth of the native heap
# Possible solutions:
#   Reduce memory load on the system
#   Increase physical memory or swap space
#   Check if swap backing store is full
#   Decrease Java heap size (-Xmx/-Xms)
#   Decrease number of Java threads
#   Decrease Java thread stack sizes (-Xss)
#   Set larger code cache with -XX:ReservedCodeCacheSize=
#   JVM is running with Unscaled Compressed Oops mode in which the Java heap is
#     placed in the first 4GB address space. The Java Heap base address is the
#     maximum limit for the native heap growth. Please use -XX:HeapBaseMinAddress
#     to set the Java Heap base and to place the Java Heap above 4GB virtual address.
# This output file may be truncated or incomplete.
#
#  Out of Memory Error (arena.cpp:189), pid=9768, tid=4672
#
# JRE version: Java(TM) SE Runtime Environment (17.0.12+8) (build 17.0.12+8-LTS-286)
# Java VM: Java HotSpot(TM) 64-Bit Server VM (17.0.12+8-LTS-286, mixed mode, sharing, tiered, compressed oops, compressed class ptrs, g1 gc, windows-amd64)
# No core dump will be written. Minidumps are not enabled by default on client versions of Windows
#

---------------  S U M M A R Y ------------

Command Line: -javaagent:C:\Program Files\JetBrains\IntelliJ IDEA Community Edition 2024.3.5\lib\idea_rt.jar=54556 -Dfile.encoding=UTF-8 com.example.proposal.Proposal2Application

Host: Intel(R) Core(TM) i5-6500T CPU @ 2.50GHz, 4 cores, 7G,  Windows 10 , 64 bit Build 19041 (10.0.19041.5438)
Time: Mon Apr  7 15:27:41 2025 India Standard Time elapsed time: 12.391259 seconds (0d 0h 0m 12s)

---------------  T H R E A D  ---------------

Current thread (0x000001f7600d3960):  JavaThread "C2 CompilerThread0" daemon [_thread_in_native, id=4672, stack(0x0000007b73a00000,0x0000007b73b00000)]


Current CompileTask:
C2:  12391 5623 % !   4       org.springframework.beans.factory.support.DefaultListableBeanFactory::doGetBeanNamesForType @ 20 (505 bytes)

Stack: [0x0000007b73a00000,0x0000007b73b00000]
Native frames: (J=compiled Java code, j=interpreted, Vv=VM code, C=native code)
V  [jvm.dll+0x67a04a]
V  [jvm.dll+0x7da4ed]
V  [jvm.dll+0x7dbe33]
V  [jvm.dll+0x7dc4a3]
V  [jvm.dll+0x24508f]
V  [jvm.dll+0xab773]
V  [jvm.dll+0xabd3c]
V  [jvm.dll+0x361bee]
V  [jvm.dll+0x32c431]
V  [jvm.dll+0x32b8ca]
V  [jvm.dll+0x21683f]
V  [jvm.dll+0x215c6f]
V  [jvm.dll+0x1a2960]
V  [jvm.dll+0x22610b]
V  [jvm.dll+0x2242ab]
V  [jvm.dll+0x79075c]
V  [jvm.dll+0x78abea]
V  [jvm.dll+0x678f35]
C  [ucrtbase.dll+0x21bb2]
C  [KERNEL32.DLL+0x17374]
C  [ntdll.dll+0x4cc91]


---------------  P R O C E S S  ---------------

Threads class SMR info:
_java_thread_list=0x000001f7a95c2fc0, length=33, elements={
0x000001f7600b61d0, 0x000001f7600b86a0, 0x000001f7600c8230, 0x000001f7600cad00,
0x000001f7600cbe60, 0x000001f7600ccfc0, 0x000001f7600d3960, 0x000001f7600d71d0,
0x000001f7600e16f0, 0x000001f76009c4d0, 0x000001f7603db230, 0x000001f7603db710,
0x000001f7a741e6f0, 0x000001f7a741e1e0, 0x000001f7a741dcd0, 0x000001f7a741d7c0,
0x000001f7a741f110, 0x000001f7a741c890, 0x000001f7a741d2b0, 0x000001f7a741cda0,
0x000001f760976570, 0x000001f760976060, 0x000001f7609788e0, 0x000001f760976a80,
0x000001f760979300, 0x000001f760979810, 0x000001f7609783d0, 0x000001f760977ec0,
0x000001f760976f90, 0x000001f760978df0, 0x000001f7609774a0, 0x000001f7609779b0,
0x000001f7a75dd990
}

Java Threads: ( => current thread )
  0x000001f7600b61d0 JavaThread "Reference Handler" daemon [_thread_blocked, id=8436, stack(0x0000007b73400000,0x0000007b73500000)]
  0x000001f7600b86a0 JavaThread "Finalizer" daemon [_thread_blocked, id=11304, stack(0x0000007b73500000,0x0000007b73600000)]
  0x000001f7600c8230 JavaThread "Signal Dispatcher" daemon [_thread_blocked, id=12280, stack(0x0000007b73600000,0x0000007b73700000)]
  0x000001f7600cad00 JavaThread "Attach Listener" daemon [_thread_blocked, id=9972, stack(0x0000007b73700000,0x0000007b73800000)]
  0x000001f7600cbe60 JavaThread "Service Thread" daemon [_thread_blocked, id=10016, stack(0x0000007b73800000,0x0000007b73900000)]
  0x000001f7600ccfc0 JavaThread "Monitor Deflation Thread" daemon [_thread_blocked, id=8164, stack(0x0000007b73900000,0x0000007b73a00000)]
=>0x000001f7600d3960 JavaThread "C2 CompilerThread0" daemon [_thread_in_native, id=4672, stack(0x0000007b73a00000,0x0000007b73b00000)]
  0x000001f7600d71d0 JavaThread "C1 CompilerThread0" daemon [_thread_blocked, id=10684, stack(0x0000007b73b00000,0x0000007b73c00000)]
  0x000001f7600e16f0 JavaThread "Sweeper thread" daemon [_thread_blocked, id=4768, stack(0x0000007b73c00000,0x0000007b73d00000)]
  0x000001f76009c4d0 JavaThread "Common-Cleaner" daemon [_thread_blocked, id=4168, stack(0x0000007b73d00000,0x0000007b73e00000)]
  0x000001f7603db230 JavaThread "Monitor Ctrl-Break" daemon [_thread_in_native, id=5168, stack(0x0000007b73f00000,0x0000007b74000000)]
  0x000001f7603db710 JavaThread "Notification Thread" daemon [_thread_blocked, id=11812, stack(0x0000007b74000000,0x0000007b74100000)]
  0x000001f7a741e6f0 JavaThread "Catalina-utility-1" [_thread_blocked, id=9396, stack(0x0000007b74700000,0x0000007b74800000)]
  0x000001f7a741e1e0 JavaThread "Catalina-utility-2" [_thread_blocked, id=6552, stack(0x0000007b74800000,0x0000007b74900000)]
  0x000001f7a741dcd0 JavaThread "container-0" [_thread_blocked, id=9168, stack(0x0000007b74900000,0x0000007b74a00000)]
  0x000001f7a741d7c0 JavaThread "PostgreSQL-JDBC-Cleaner" daemon [_thread_blocked, id=9212, stack(0x0000007b74b00000,0x0000007b74c00000)]
  0x000001f7a741f110 JavaThread "HikariPool-1 housekeeper" daemon [_thread_blocked, id=11492, stack(0x0000007b74c00000,0x0000007b74d00000)]
  0x000001f7a741c890 JavaThread "File Watcher" daemon [_thread_blocked, id=11792, stack(0x0000007b74e00000,0x0000007b74f00000)]
  0x000001f7a741d2b0 JavaThread "Live Reload Server" daemon [_thread_in_native, id=10920, stack(0x0000007b75000000,0x0000007b75100000)]
  0x000001f7a741cda0 JavaThread "http-nio-8181-exec-1" daemon [_thread_in_native, id=10680, stack(0x0000007b74f00000,0x0000007b75000000)]
  0x000001f760976570 JavaThread "http-nio-8181-exec-2" daemon [_thread_blocked, id=11744, stack(0x0000007b75100000,0x0000007b75200000)]
  0x000001f760976060 JavaThread "http-nio-8181-exec-3" daemon [_thread_blocked, id=7380, stack(0x0000007b75200000,0x0000007b75300000)]
  0x000001f7609788e0 JavaThread "http-nio-8181-exec-4" daemon [_thread_blocked, id=4068, stack(0x0000007b75300000,0x0000007b75400000)]
  0x000001f760976a80 JavaThread "http-nio-8181-exec-5" daemon [_thread_blocked, id=9564, stack(0x0000007b75400000,0x0000007b75500000)]
  0x000001f760979300 JavaThread "http-nio-8181-exec-6" daemon [_thread_blocked, id=2672, stack(0x0000007b75500000,0x0000007b75600000)]
  0x000001f760979810 JavaThread "http-nio-8181-exec-7" daemon [_thread_blocked, id=4740, stack(0x0000007b75600000,0x0000007b75700000)]
  0x000001f7609783d0 JavaThread "http-nio-8181-exec-8" daemon [_thread_blocked, id=11312, stack(0x0000007b75700000,0x0000007b75800000)]
  0x000001f760977ec0 JavaThread "http-nio-8181-exec-9" daemon [_thread_blocked, id=2064, stack(0x0000007b75800000,0x0000007b75900000)]
  0x000001f760976f90 JavaThread "http-nio-8181-exec-10" daemon [_thread_blocked, id=11748, stack(0x0000007b75900000,0x0000007b75a00000)]
  0x000001f760978df0 JavaThread "http-nio-8181-Poller" daemon [_thread_in_native, id=11092, stack(0x0000007b75a00000,0x0000007b75b00000)]
  0x000001f7609774a0 JavaThread "http-nio-8181-Acceptor" daemon [_thread_in_native, id=11916, stack(0x0000007b75b00000,0x0000007b75c00000)]
  0x000001f7609779b0 JavaThread "DestroyJavaVM" [_thread_blocked, id=1788, stack(0x0000007b72d00000,0x0000007b72e00000)]
  0x000001f7a75dd990 JavaThread "C2 CompilerThread1" daemon [_thread_in_native, id=12200, stack(0x0000007b73e00000,0x0000007b73f00000)]

Other Threads:
  0x000001f7600b09e0 VMThread "VM Thread" [stack: 0x0000007b73300000,0x0000007b73400000] [id=4056]
  0x000001f7603dc410 WatcherThread [stack: 0x0000007b74100000,0x0000007b74200000] [id=4728]
  0x000001f74289d4e0 GCTaskThread "GC Thread#0" [stack: 0x0000007b72e00000,0x0000007b72f00000] [id=9064]
  0x000001f760a8e170 GCTaskThread "GC Thread#1" [stack: 0x0000007b74200000,0x0000007b74300000] [id=9552]
  0x000001f760a79510 GCTaskThread "GC Thread#2" [stack: 0x0000007b74300000,0x0000007b74400000] [id=9828]
  0x000001f7a60020a0 GCTaskThread "GC Thread#3" [stack: 0x0000007b74400000,0x0000007b74500000] [id=7000]
  0x000001f7428af0c0 ConcurrentGCThread "G1 Main Marker" [stack: 0x0000007b72f00000,0x0000007b73000000] [id=10988]
  0x000001f7428b0270 ConcurrentGCThread "G1 Conc#0" [stack: 0x0000007b73000000,0x0000007b73100000] [id=272]
  0x000001f7429078e0 ConcurrentGCThread "G1 Refine#0" [stack: 0x0000007b73100000,0x0000007b73200000] [id=10180]
  0x000001f75ff703f0 ConcurrentGCThread "G1 Service" [stack: 0x0000007b73200000,0x0000007b73300000] [id=10348]

Threads with active compile tasks:
C2 CompilerThread0    12410 5623 % !   4       org.springframework.beans.factory.support.DefaultListableBeanFactory::doGetBeanNamesForType @ 20 (505 bytes)
C2 CompilerThread1    12410 5624       4       org.springframework.core.ResolvableType::hasGenerics (14 bytes)

VM state: not at safepoint (normal execution)

VM Mutex/Monitor currently owned by a thread: None

Heap address: 0x0000000081c00000, size: 2020 MB, Compressed Oops mode: 32-bit

CDS archive(s) mapped at: [0x000001f761000000-0x000001f761bd0000-0x000001f761bd0000), size 12386304, SharedBaseAddress: 0x000001f761000000, ArchiveRelocationMode: 1.
Compressed class space mapped at: 0x000001f762000000-0x000001f7a2000000, reserved size: 1073741824
Narrow klass base: 0x000001f761000000, Narrow klass shift: 0, Narrow klass range: 0x100000000

GC Precious Log:
 CPUs: 4 total, 4 available
 Memory: 8076M
 Large Page Support: Disabled
 NUMA Support: Disabled
 Compressed Oops: Enabled (32-bit)
 Heap Region Size: 1M
 Heap Min Capacity: 8M
 Heap Initial Capacity: 128M
 Heap Max Capacity: 2020M
 Pre-touch: Disabled
 Parallel Workers: 4
 Concurrent Workers: 1
 Concurrent Refinement Workers: 4
 Periodic GC: Disabled

Heap:
 garbage-first heap   total 61440K, used 36253K [0x0000000081c00000, 0x0000000100000000)
  region size 1024K, 9 young (9216K), 2 survivors (2048K)
 Metaspace       used 67719K, committed 68288K, reserved 1114112K
  class space    used 9383K, committed 9664K, reserved 1048576K

Heap Regions: E=young(eden), S=young(survivor), O=old, HS=humongous(starts), HC=humongous(continues), CS=collection set, F=free, OA=open archive, CA=closed archive, TAMS=top-at-mark-start (previous, next)
|   0|0x0000000081c00000, 0x0000000081d00000, 0x0000000081d00000|100%|HS|  |TAMS 0x0000000081d00000, 0x0000000081c00000| Complete 
|   1|0x0000000081d00000, 0x0000000081e00000, 0x0000000081e00000|100%|HS|  |TAMS 0x0000000081e00000, 0x0000000081d00000| Complete 
|   2|0x0000000081e00000, 0x0000000081f00000, 0x0000000081f00000|100%| O|  |TAMS 0x0000000081f00000, 0x0000000081e00000| Untracked 
|   3|0x0000000081f00000, 0x0000000082000000, 0x0000000082000000|100%| O|  |TAMS 0x0000000082000000, 0x0000000081f00000| Untracked 
|   4|0x0000000082000000, 0x0000000082100000, 0x0000000082100000|100%| O|  |TAMS 0x0000000082100000, 0x0000000082000000| Untracked 
|   5|0x0000000082100000, 0x0000000082200000, 0x0000000082200000|100%| O|  |TAMS 0x0000000082200000, 0x0000000082100000| Untracked 
|   6|0x0000000082200000, 0x00000000822f2800, 0x0000000082300000| 94%| O|  |TAMS 0x00000000822f2800, 0x0000000082200000| Untracked 
|   7|0x0000000082300000, 0x0000000082400000, 0x0000000082400000|100%| O|  |TAMS 0x0000000082400000, 0x0000000082300000| Untracked 
|   8|0x0000000082400000, 0x0000000082500000, 0x0000000082500000|100%| O|  |TAMS 0x0000000082500000, 0x0000000082400000| Untracked 
|   9|0x0000000082500000, 0x0000000082600000, 0x0000000082600000|100%| O|  |TAMS 0x0000000082600000, 0x0000000082500000| Untracked 
|  10|0x0000000082600000, 0x0000000082700000, 0x0000000082700000|100%| O|  |TAMS 0x0000000082700000, 0x0000000082600000| Untracked 
|  11|0x0000000082700000, 0x0000000082800000, 0x0000000082800000|100%| O|  |TAMS 0x0000000082800000, 0x0000000082700000| Untracked 
|  12|0x0000000082800000, 0x0000000082900000, 0x0000000082900000|100%| O|  |TAMS 0x0000000082900000, 0x0000000082800000| Untracked 
|  13|0x0000000082900000, 0x0000000082a00000, 0x0000000082a00000|100%| O|  |TAMS 0x0000000082a00000, 0x0000000082900000| Untracked 
|  14|0x0000000082a00000, 0x0000000082b00000, 0x0000000082b00000|100%| O|  |TAMS 0x0000000082b00000, 0x0000000082a00000| Untracked 
|  15|0x0000000082b00000, 0x0000000082c00000, 0x0000000082c00000|100%| O|  |TAMS 0x0000000082c00000, 0x0000000082b00000| Untracked 
|  16|0x0000000082c00000, 0x0000000082d00000, 0x0000000082d00000|100%| O|  |TAMS 0x0000000082d00000, 0x0000000082c00000| Untracked 
|  17|0x0000000082d00000, 0x0000000082e00000, 0x0000000082e00000|100%| O|  |TAMS 0x0000000082d00000, 0x0000000082d00000| Untracked 
|  18|0x0000000082e00000, 0x0000000082f00000, 0x0000000082f00000|100%| O|  |TAMS 0x0000000082f00000, 0x0000000082e00000| Untracked 
|  19|0x0000000082f00000, 0x0000000083000000, 0x0000000083000000|100%| O|  |TAMS 0x0000000083000000, 0x0000000082f00000| Untracked 
|  20|0x0000000083000000, 0x0000000083100000, 0x0000000083100000|100%| O|  |TAMS 0x0000000083100000, 0x0000000083000000| Untracked 
|  21|0x0000000083100000, 0x0000000083200000, 0x0000000083200000|100%| O|  |TAMS 0x0000000083200000, 0x0000000083100000| Untracked 
|  22|0x0000000083200000, 0x0000000083300000, 0x0000000083300000|100%| O|  |TAMS 0x00000000832af800, 0x0000000083200000| Untracked 
|  23|0x0000000083300000, 0x0000000083400000, 0x0000000083400000|100%| O|  |TAMS 0x0000000083300000, 0x0000000083300000| Untracked 
|  24|0x0000000083400000, 0x0000000083500000, 0x0000000083500000|100%| O|  |TAMS 0x0000000083400000, 0x0000000083400000| Untracked 
|  25|0x0000000083500000, 0x0000000083600000, 0x0000000083600000|100%| O|  |TAMS 0x0000000083500000, 0x0000000083500000| Untracked 
|  26|0x0000000083600000, 0x0000000083700000, 0x0000000083700000|100%| O|  |TAMS 0x0000000083600000, 0x0000000083600000| Untracked 
|  27|0x0000000083700000, 0x0000000083800000, 0x0000000083800000|100%| O|  |TAMS 0x0000000083700000, 0x0000000083700000| Untracked 
|  28|0x0000000083800000, 0x00000000838b7600, 0x0000000083900000| 71%| O|  |TAMS 0x0000000083800000, 0x0000000083800000| Untracked 
|  29|0x0000000083900000, 0x0000000083900000, 0x0000000083a00000|  0%| F|  |TAMS 0x0000000083900000, 0x0000000083900000| Untracked 
|  30|0x0000000083a00000, 0x0000000083a00000, 0x0000000083b00000|  0%| F|  |TAMS 0x0000000083a00000, 0x0000000083a00000| Untracked 
|  31|0x0000000083b00000, 0x0000000083b00000, 0x0000000083c00000|  0%| F|  |TAMS 0x0000000083b00000, 0x0000000083b00000| Untracked 
|  32|0x0000000083c00000, 0x0000000083c00000, 0x0000000083d00000|  0%| F|  |TAMS 0x0000000083c00000, 0x0000000083c00000| Untracked 
|  33|0x0000000083d00000, 0x0000000083d00000, 0x0000000083e00000|  0%| F|  |TAMS 0x0000000083d00000, 0x0000000083d00000| Untracked 
|  34|0x0000000083e00000, 0x0000000083e00000, 0x0000000083f00000|  0%| F|  |TAMS 0x0000000083e00000, 0x0000000083e00000| Untracked 
|  35|0x0000000083f00000, 0x0000000083f00000, 0x0000000084000000|  0%| F|  |TAMS 0x0000000083f00000, 0x0000000083f00000| Untracked 
|  36|0x0000000084000000, 0x0000000084000000, 0x0000000084100000|  0%| F|  |TAMS 0x0000000084000000, 0x0000000084000000| Untracked 
|  37|0x0000000084100000, 0x0000000084100000, 0x0000000084200000|  0%| F|  |TAMS 0x0000000084100000, 0x0000000084100000| Untracked 
|  38|0x0000000084200000, 0x0000000084200000, 0x0000000084300000|  0%| F|  |TAMS 0x0000000084200000, 0x0000000084200000| Untracked 
|  39|0x0000000084300000, 0x00000000843bd728, 0x0000000084400000| 74%| S|CS|TAMS 0x0000000084300000, 0x0000000084300000| Complete 
|  40|0x0000000084400000, 0x0000000084500000, 0x0000000084500000|100%| S|CS|TAMS 0x0000000084400000, 0x0000000084400000| Complete 
|  41|0x0000000084500000, 0x0000000084500000, 0x0000000084600000|  0%| F|  |TAMS 0x0000000084500000, 0x0000000084500000| Untracked 
|  42|0x0000000084600000, 0x0000000084600000, 0x0000000084700000|  0%| F|  |TAMS 0x0000000084600000, 0x0000000084600000| Untracked 
|  43|0x0000000084700000, 0x0000000084700000, 0x0000000084800000|  0%| F|  |TAMS 0x0000000084700000, 0x0000000084700000| Untracked 
|  44|0x0000000084800000, 0x0000000084800000, 0x0000000084900000|  0%| F|  |TAMS 0x0000000084800000, 0x0000000084800000| Untracked 
|  45|0x0000000084900000, 0x0000000084900000, 0x0000000084a00000|  0%| F|  |TAMS 0x0000000084900000, 0x0000000084900000| Untracked 
|  46|0x0000000084a00000, 0x0000000084a00000, 0x0000000084b00000|  0%| F|  |TAMS 0x0000000084a00000, 0x0000000084a00000| Untracked 
|  47|0x0000000084b00000, 0x0000000084b00000, 0x0000000084c00000|  0%| F|  |TAMS 0x0000000084b00000, 0x0000000084b00000| Untracked 
|  48|0x0000000084c00000, 0x0000000084c00000, 0x0000000084d00000|  0%| F|  |TAMS 0x0000000084c00000, 0x0000000084c00000| Untracked 
|  49|0x0000000084d00000, 0x0000000084d00000, 0x0000000084e00000|  0%| F|  |TAMS 0x0000000084d00000, 0x0000000084d00000| Untracked 
|  50|0x0000000084e00000, 0x0000000084e00000, 0x0000000084f00000|  0%| F|  |TAMS 0x0000000084e00000, 0x0000000084e00000| Untracked 
|  51|0x0000000084f00000, 0x0000000084f00000, 0x0000000085000000|  0%| F|  |TAMS 0x0000000084f00000, 0x0000000084f00000| Untracked 
|  77|0x0000000086900000, 0x0000000086900000, 0x0000000086a00000|  0%| F|  |TAMS 0x0000000086900000, 0x0000000086900000| Untracked 
|  78|0x0000000086a00000, 0x0000000086adf660, 0x0000000086b00000| 87%| E|  |TAMS 0x0000000086a00000, 0x0000000086a00000| Complete 
|  79|0x0000000086b00000, 0x0000000086bffb58, 0x0000000086c00000| 99%| E|  |TAMS 0x0000000086b00000, 0x0000000086b00000| Complete 
|  80|0x0000000086c00000, 0x0000000086d00000, 0x0000000086d00000|100%| E|CS|TAMS 0x0000000086c00000, 0x0000000086c00000| Complete 
|  81|0x0000000086d00000, 0x0000000086e00000, 0x0000000086e00000|100%| E|CS|TAMS 0x0000000086d00000, 0x0000000086d00000| Complete 
|  82|0x0000000086e00000, 0x0000000086f00000, 0x0000000086f00000|100%| E|CS|TAMS 0x0000000086e00000, 0x0000000086e00000| Complete 
|  83|0x0000000086f00000, 0x0000000087000000, 0x0000000087000000|100%| E|CS|TAMS 0x0000000086f00000, 0x0000000086f00000| Complete 
| 127|0x0000000089b00000, 0x0000000089c00000, 0x0000000089c00000|100%| E|CS|TAMS 0x0000000089b00000, 0x0000000089b00000| Complete 

Card table byte_map: [0x000001f759500000,0x000001f759900000] _byte_map_base: 0x000001f7590f2000

Marking Bits (Prev, Next): (CMBitMap*) 0x000001f74289db00, (CMBitMap*) 0x000001f74289db40
 Prev Bits: [0x000001f759d00000, 0x000001f75bc90000)
 Next Bits: [0x000001f75bc90000, 0x000001f75dc20000)

Polling page: 0x000001f740720000

Metaspace:

Usage:
  Non-class:     56.97 MB used.
      Class:      9.16 MB used.
       Both:     66.14 MB used.

Virtual space:
  Non-class space:       64.00 MB reserved,      57.25 MB ( 89%) committed,  1 nodes.
      Class space:        1.00 GB reserved,       9.44 MB ( <1%) committed,  1 nodes.
             Both:        1.06 GB reserved,      66.69 MB (  6%) committed. 

Chunk freelists:
   Non-Class:  5.88 MB
       Class:  6.59 MB
        Both:  12.47 MB

MaxMetaspaceSize: unlimited
CompressedClassSpaceSize: 1.00 GB
Initial GC threshold: 21.00 MB
Current GC threshold: 94.62 MB
CDS: on
MetaspaceReclaimPolicy: balanced
 - commit_granule_bytes: 65536.
 - commit_granule_words: 8192.
 - virtual_space_node_default_size: 8388608.
 - enlarge_chunks_in_place: 1.
 - new_chunks_are_fully_committed: 0.
 - uncommit_free_chunks: 1.
 - use_allocation_guard: 0.
 - handle_deallocations: 1.


Internal statistics:

num_allocs_failed_limit: 9.
num_arena_births: 840.
num_arena_deaths: 0.
num_vsnodes_births: 2.
num_vsnodes_deaths: 0.
num_space_committed: 1067.
num_space_uncommitted: 0.
num_chunks_returned_to_freelist: 9.
num_chunks_taken_from_freelist: 3370.
num_chunk_merges: 9.
num_chunk_splits: 2429.
num_chunks_enlarged: 1910.
num_inconsistent_stats: 0.

CodeHeap 'non-profiled nmethods': size=120000Kb used=3183Kb max_used=3183Kb free=116816Kb
 bounds [0x000001f751bd0000, 0x000001f751f10000, 0x000001f759100000]
CodeHeap 'profiled nmethods': size=120000Kb used=9160Kb max_used=10500Kb free=110840Kb
 bounds [0x000001f74a100000, 0x000001f74ab50000, 0x000001f751630000]
CodeHeap 'non-nmethods': size=5760Kb used=1326Kb max_used=1398Kb free=4433Kb
 bounds [0x000001f751630000, 0x000001f7518a0000, 0x000001f751bd0000]
 total_blobs=5499 nmethods=4839 adapters=572
 compilation: enabled
              stopped_count=0, restarted_count=0
 full_count=0

Compilation events (20 events):
Event: 12.208 Thread 0x000001f7600d3960 nmethod 5635 0x000001f751d5db90 code [0x000001f751d5dd20, 0x000001f751d5df58]
Event: 12.208 Thread 0x000001f7600d3960 5623 % !   4       org.springframework.beans.factory.support.DefaultListableBeanFactory::doGetBeanNamesForType @ 20 (505 bytes)
Event: 12.222 Thread 0x000001f7600d71d0 5641       3       jdk.internal.misc.Unsafe::putLongRelease (9 bytes)
Event: 12.223 Thread 0x000001f7600d71d0 nmethod 5641 0x000001f74a2acc90 code [0x000001f74a2ace20, 0x000001f74a2acf38]
Event: 12.223 Thread 0x000001f7600d71d0 5642       3       java.util.concurrent.atomic.AtomicLongArray::lazySet (13 bytes)
Event: 12.224 Thread 0x000001f7600d71d0 nmethod 5642 0x000001f74a2a8390 code [0x000001f74a2a85a0, 0x000001f74a2a8db8]
Event: 12.224 Thread 0x000001f7600d71d0 5643       3       java.lang.invoke.VarHandleGuards::guard_LIJ_V (137 bytes)
Event: 12.226 Thread 0x000001f7600d71d0 nmethod 5643 0x000001f74a149610 code [0x000001f74a149a60, 0x000001f74a14c638]
Event: 12.233 Thread 0x000001f7600d71d0 5645       1       java.lang.reflect.Constructor::getSignature (5 bytes)
Event: 12.233 Thread 0x000001f7600d71d0 nmethod 5645 0x000001f751c9c810 code [0x000001f751c9c9a0, 0x000001f751c9ca78]
Event: 12.260 Thread 0x000001f7600d71d0 5647       3       java.util.concurrent.atomic.AtomicReferenceArray::get (12 bytes)
Event: 12.261 Thread 0x000001f7600d71d0 nmethod 5647 0x000001f74a2e8790 code [0x000001f74a2e8a20, 0x000001f74a2e9828]
Event: 12.261 Thread 0x000001f7600d71d0 5648       3       java.lang.invoke.VarHandleGuards::guard_LI_L (89 bytes)
Event: 12.263 Thread 0x000001f7600d71d0 nmethod 5648 0x000001f74a3baf10 code [0x000001f74a3bb2a0, 0x000001f74a3bd408]
Event: 12.263 Thread 0x000001f7600d71d0 5649       3       java.lang.invoke.VarHandleReferences$Array::getVolatile (49 bytes)
Event: 12.263 Thread 0x000001f7600d71d0 nmethod 5649 0x000001f74a18b510 code [0x000001f74a18b700, 0x000001f74a18bda8]
Event: 12.285 Thread 0x000001f7a75dd990 nmethod 5637 0x000001f751c68b10 code [0x000001f751c68e60, 0x000001f751c6ba68]
Event: 12.285 Thread 0x000001f7a75dd990 5624       4       org.springframework.core.ResolvableType::hasGenerics (14 bytes)
Event: 12.371 Thread 0x000001f7600d71d0 5650       3       org.springframework.boot.devtools.filewatch.FileSnapshot::hashCode (49 bytes)
Event: 12.372 Thread 0x000001f7600d71d0 nmethod 5650 0x000001f74a704b90 code [0x000001f74a704d80, 0x000001f74a705158]

GC Heap History (20 events):
Event: 4.089 GC heap before
{Heap before GC invocations=9 (full 0):
 garbage-first heap   total 51200K, used 27873K [0x0000000081c00000, 0x0000000100000000)
  region size 1024K, 10 young (10240K), 2 survivors (2048K)
 Metaspace       used 35655K, committed 35968K, reserved 1114112K
  class space    used 4706K, committed 4864K, reserved 1048576K
}
Event: 4.091 GC heap after
{Heap after GC invocations=10 (full 0):
 garbage-first heap   total 51200K, used 21021K [0x0000000081c00000, 0x0000000100000000)
  region size 1024K, 2 young (2048K), 2 survivors (2048K)
 Metaspace       used 35655K, committed 35968K, reserved 1114112K
  class space    used 4706K, committed 4864K, reserved 1048576K
}
Event: 4.659 GC heap before
{Heap before GC invocations=11 (full 0):
 garbage-first heap   total 51200K, used 38429K [0x0000000081c00000, 0x0000000100000000)
  region size 1024K, 20 young (20480K), 2 survivors (2048K)
 Metaspace       used 40744K, committed 41216K, reserved 1114112K
  class space    used 5477K, committed 5696K, reserved 1048576K
}
Event: 4.664 GC heap after
{Heap after GC invocations=12 (full 0):
 garbage-first heap   total 51200K, used 22156K [0x0000000081c00000, 0x0000000100000000)
  region size 1024K, 3 young (3072K), 3 survivors (3072K)
 Metaspace       used 40744K, committed 41216K, reserved 1114112K
  class space    used 5477K, committed 5696K, reserved 1048576K
}
Event: 5.045 GC heap before
{Heap before GC invocations=13 (full 0):
 garbage-first heap   total 51200K, used 38540K [0x0000000081c00000, 0x0000000100000000)
  region size 1024K, 20 young (20480K), 3 survivors (3072K)
 Metaspace       used 44484K, committed 44928K, reserved 1114112K
  class space    used 5997K, committed 6208K, reserved 1048576K
}
Event: 5.049 GC heap after
{Heap after GC invocations=14 (full 0):
 garbage-first heap   total 51200K, used 23358K [0x0000000081c00000, 0x0000000100000000)
  region size 1024K, 3 young (3072K), 3 survivors (3072K)
 Metaspace       used 44484K, committed 44928K, reserved 1114112K
  class space    used 5997K, committed 6208K, reserved 1048576K
}
Event: 5.450 GC heap before
{Heap before GC invocations=14 (full 0):
 garbage-first heap   total 51200K, used 38718K [0x0000000081c00000, 0x0000000100000000)
  region size 1024K, 19 young (19456K), 3 survivors (3072K)
 Metaspace       used 49971K, committed 50368K, reserved 1114112K
  class space    used 6778K, committed 6976K, reserved 1048576K
}
Event: 5.453 GC heap after
{Heap after GC invocations=15 (full 0):
 garbage-first heap   total 51200K, used 24052K [0x0000000081c00000, 0x0000000100000000)
  region size 1024K, 2 young (2048K), 2 survivors (2048K)
 Metaspace       used 49971K, committed 50368K, reserved 1114112K
  class space    used 6778K, committed 6976K, reserved 1048576K
}
Event: 5.910 GC heap before
{Heap before GC invocations=15 (full 0):
 garbage-first heap   total 51200K, used 40436K [0x0000000081c00000, 0x0000000100000000)
  region size 1024K, 19 young (19456K), 2 survivors (2048K)
 Metaspace       used 53809K, committed 54272K, reserved 1114112K
  class space    used 7461K, committed 7680K, reserved 1048576K
}
Event: 5.913 GC heap after
{Heap after GC invocations=16 (full 0):
 garbage-first heap   total 51200K, used 24849K [0x0000000081c00000, 0x0000000100000000)
  region size 1024K, 2 young (2048K), 2 survivors (2048K)
 Metaspace       used 53809K, committed 54272K, reserved 1114112K
  class space    used 7461K, committed 7680K, reserved 1048576K
}
Event: 6.233 GC heap before
{Heap before GC invocations=16 (full 0):
 garbage-first heap   total 51200K, used 41233K [0x0000000081c00000, 0x0000000100000000)
  region size 1024K, 18 young (18432K), 2 survivors (2048K)
 Metaspace       used 57303K, committed 57856K, reserved 1114112K
  class space    used 7881K, committed 8128K, reserved 1048576K
}
Event: 6.238 GC heap after
{Heap after GC invocations=17 (full 0):
 garbage-first heap   total 51200K, used 26306K [0x0000000081c00000, 0x0000000100000000)
  region size 1024K, 3 young (3072K), 3 survivors (3072K)
 Metaspace       used 57303K, committed 57856K, reserved 1114112K
  class space    used 7881K, committed 8128K, reserved 1048576K
}
Event: 6.594 GC heap before
{Heap before GC invocations=18 (full 0):
 garbage-first heap   total 51200K, used 40642K [0x0000000081c00000, 0x0000000100000000)
  region size 1024K, 17 young (17408K), 3 survivors (3072K)
 Metaspace       used 59265K, committed 59840K, reserved 1114112K
  class space    used 8259K, committed 8512K, reserved 1048576K
}
Event: 6.599 GC heap after
{Heap after GC invocations=19 (full 0):
 garbage-first heap   total 51200K, used 27599K [0x0000000081c00000, 0x0000000100000000)
  region size 1024K, 3 young (3072K), 3 survivors (3072K)
 Metaspace       used 59265K, committed 59840K, reserved 1114112K
  class space    used 8259K, committed 8512K, reserved 1048576K
}
Event: 6.606 GC heap before
{Heap before GC invocations=19 (full 0):
 garbage-first heap   total 51200K, used 28623K [0x0000000081c00000, 0x0000000100000000)
  region size 1024K, 4 young (4096K), 3 survivors (3072K)
 Metaspace       used 59276K, committed 59840K, reserved 1114112K
  class space    used 8259K, committed 8512K, reserved 1048576K
}
Event: 6.609 GC heap after
{Heap after GC invocations=20 (full 0):
 garbage-first heap   total 61440K, used 27787K [0x0000000081c00000, 0x0000000100000000)
  region size 1024K, 1 young (1024K), 1 survivors (1024K)
 Metaspace       used 59276K, committed 59840K, reserved 1114112K
  class space    used 8259K, committed 8512K, reserved 1048576K
}
Event: 7.204 GC heap before
{Heap before GC invocations=20 (full 0):
 garbage-first heap   total 61440K, used 49291K [0x0000000081c00000, 0x0000000100000000)
  region size 1024K, 22 young (22528K), 1 survivors (1024K)
 Metaspace       used 62286K, committed 62784K, reserved 1114112K
  class space    used 8662K, committed 8896K, reserved 1048576K
}
Event: 7.211 GC heap after
{Heap after GC invocations=21 (full 0):
 garbage-first heap   total 61440K, used 29476K [0x0000000081c00000, 0x0000000100000000)
  region size 1024K, 3 young (3072K), 3 survivors (3072K)
 Metaspace       used 62286K, committed 62784K, reserved 1114112K
  class space    used 8662K, committed 8896K, reserved 1048576K
}
Event: 12.158 GC heap before
{Heap before GC invocations=21 (full 0):
 garbage-first heap   total 61440K, used 47908K [0x0000000081c00000, 0x0000000100000000)
  region size 1024K, 22 young (22528K), 3 survivors (3072K)
 Metaspace       used 65529K, committed 66112K, reserved 1114112K
  class space    used 9073K, committed 9344K, reserved 1048576K
}
Event: 12.162 GC heap after
{Heap after GC invocations=22 (full 0):
 garbage-first heap   total 61440K, used 31133K [0x0000000081c00000, 0x0000000100000000)
  region size 1024K, 2 young (2048K), 2 survivors (2048K)
 Metaspace       used 65529K, committed 66112K, reserved 1114112K
  class space    used 9073K, committed 9344K, reserved 1048576K
}

Deoptimization events (20 events):
Event: 7.286 Thread 0x000001f7607d2dc0 Uncommon trap: trap_request=0xffffff45 fr.pc=0x000001f751d86304 relative=0x0000000000000604
Event: 7.286 Thread 0x000001f7607d2dc0 Uncommon trap: reason=unstable_if action=reinterpret pc=0x000001f751d86304 method=org.springframework.beans.factory.support.DefaultSingletonBeanRegistry.getSingleton(Ljava/lang/String;Z)Ljava/lang/Object; @ 39 c2
Event: 7.286 Thread 0x000001f7607d2dc0 DEOPT PACKING pc=0x000001f751d86304 sp=0x0000007b746fcca0
Event: 7.286 Thread 0x000001f7607d2dc0 DEOPT UNPACKING pc=0x000001f7516823a3 sp=0x0000007b746fcc40 mode 2
Event: 7.433 Thread 0x000001f7607d2dc0 DEOPT PACKING pc=0x000001f74a308814 sp=0x0000007b746f8a20
Event: 7.433 Thread 0x000001f7607d2dc0 DEOPT UNPACKING pc=0x000001f751682b43 sp=0x0000007b746f7eb8 mode 0
Event: 7.617 Thread 0x000001f7607d2dc0 Uncommon trap: trap_request=0xffffff45 fr.pc=0x000001f751c418e0 relative=0x0000000000000060
Event: 7.617 Thread 0x000001f7607d2dc0 Uncommon trap: reason=unstable_if action=reinterpret pc=0x000001f751c418e0 method=org.springframework.util.ConcurrentReferenceHashMap$Segment.clear()V @ 7 c2
Event: 7.617 Thread 0x000001f7607d2dc0 DEOPT PACKING pc=0x000001f751c418e0 sp=0x0000007b746fe5a0
Event: 7.617 Thread 0x000001f7607d2dc0 DEOPT UNPACKING pc=0x000001f7516823a3 sp=0x0000007b746fe530 mode 2
Event: 7.619 Thread 0x000001f7607d2dc0 Uncommon trap: trap_request=0xffffff54 fr.pc=0x000001f751c63008 relative=0x0000000000000348
Event: 7.619 Thread 0x000001f7607d2dc0 Uncommon trap: reason=speculate_null_assert action=make_not_entrant pc=0x000001f751c63008 method=org.springframework.util.ConcurrentReferenceHashMap$Segment.restructureIfNecessary(Z)V @ 41 c2
Event: 7.619 Thread 0x000001f7607d2dc0 DEOPT PACKING pc=0x000001f751c63008 sp=0x0000007b746fe290
Event: 7.619 Thread 0x000001f7607d2dc0 DEOPT UNPACKING pc=0x000001f7516823a3 sp=0x0000007b746fe258 mode 2
Event: 7.655 Thread 0x000001f7607d2dc0 Uncommon trap: trap_request=0xffffff45 fr.pc=0x000001f751da4ee4 relative=0x0000000000001204
Event: 7.655 Thread 0x000001f7607d2dc0 Uncommon trap: reason=unstable_if action=reinterpret pc=0x000001f751da4ee4 method=java.lang.String.<init>([BIILjava/nio/charset/Charset;)V @ 18 c2
Event: 7.655 Thread 0x000001f7607d2dc0 DEOPT PACKING pc=0x000001f751da4ee4 sp=0x0000007b746fd850
Event: 7.655 Thread 0x000001f7607d2dc0 DEOPT UNPACKING pc=0x000001f7516823a3 sp=0x0000007b746fd810 mode 2
Event: 7.675 Thread 0x000001f7607d2dc0 DEOPT PACKING pc=0x000001f74a60eac6 sp=0x0000007b746fe070
Event: 7.675 Thread 0x000001f7607d2dc0 DEOPT UNPACKING pc=0x000001f751682b43 sp=0x0000007b746fd538 mode 0

Classes unloaded (0 events):
No events

Classes redefined (0 events):
No events

Internal exceptions (20 events):
Event: 6.939 Thread 0x000001f7607d2dc0 Exception <a 'java/lang/NoSuchMethodError'{0x00000000849b6af0}: 'int java.lang.invoke.DirectMethodHandle$Holder.invokeStaticInit(java.lang.Object, int, int)'> (0x00000000849b6af0) 
thrown [s\open\src\hotspot\share\interpreter\linkResolver.cpp, line 759]
Event: 6.941 Thread 0x000001f7607d2dc0 Exception <a 'java/lang/NoSuchMethodError'{0x00000000849be588}: 'int java.lang.invoke.DirectMethodHandle$Holder.invokeStaticInit(java.lang.Object, long, long)'> (0x00000000849be588) 
thrown [s\open\src\hotspot\share\interpreter\linkResolver.cpp, line 759]
Event: 6.941 Thread 0x000001f7607d2dc0 Exception <a 'java/lang/NoSuchMethodError'{0x00000000849c5680}: 'int java.lang.invoke.DirectMethodHandle$Holder.invokeStaticInit(java.lang.Object, float, float)'> (0x00000000849c5680) 
thrown [s\open\src\hotspot\share\interpreter\linkResolver.cpp, line 759]
Event: 6.944 Thread 0x000001f7607d2dc0 Exception <a 'java/lang/NoSuchMethodError'{0x00000000849cc780}: 'int java.lang.invoke.DirectMethodHandle$Holder.invokeStaticInit(java.lang.Object, double, double)'> (0x00000000849cc780) 
thrown [s\open\src\hotspot\share\interpreter\linkResolver.cpp, line 759]
Event: 6.944 Thread 0x000001f7607d2dc0 Exception <a 'java/lang/NoSuchMethodError'{0x00000000849d1238}: 'int java.lang.invoke.DirectMethodHandle$Holder.invokeStatic(java.lang.Object, long)'> (0x00000000849d1238) 
thrown [s\open\src\hotspot\share\interpreter\linkResolver.cpp, line 759]
Event: 6.948 Thread 0x000001f7607d2dc0 Exception <a 'java/lang/NoSuchMethodError'{0x00000000849f88e8}: 'int java.lang.invoke.Invokers$Holder.linkToTargetMethod(java.lang.Object, java.lang.Object)'> (0x00000000849f88e8) 
thrown [s\open\src\hotspot\share\interpreter\linkResolver.cpp, line 759]
Event: 6.953 Thread 0x000001f7607d2dc0 Exception <a 'java/lang/NoSuchMethodError'{0x0000000084827fb0}: 'java.lang.Object java.lang.invoke.DirectMethodHandle$Holder.invokeStatic(java.lang.Object, int, java.lang.Object, java.lang.Object)'> (0x0000000084827fb0) 
thrown [s\open\src\hotspot\share\interpreter\linkResolver.cpp, line 759]
Event: 6.953 Thread 0x000001f7607d2dc0 Exception <a 'java/lang/NoSuchMethodError'{0x000000008482c3a0}: 'java.lang.Object java.lang.invoke.DirectMethodHandle$Holder.invokeSpecial(java.lang.Object, java.lang.Object, int, java.lang.Object, java.lang.Object)'> (0x000000008482c3a0) 
thrown [s\open\src\hotspot\share\interpreter\linkResolver.cpp, line 759]
Event: 6.953 Thread 0x000001f7607d2dc0 Exception <a 'java/lang/NoSuchMethodError'{0x0000000084830048}: 'java.lang.Object java.lang.invoke.DelegatingMethodHandle$Holder.delegate(java.lang.Object, int, java.lang.Object, java.lang.Object)'> (0x0000000084830048) 
thrown [s\open\src\hotspot\share\interpreter\linkResolver.cpp, line 759]
Event: 6.957 Thread 0x000001f7607d2dc0 Exception <a 'java/lang/NoSuchMethodError'{0x0000000084844420}: 'int java.lang.invoke.Invokers$Holder.linkToTargetMethod(java.lang.Object, java.lang.Object, java.lang.Object)'> (0x0000000084844420) 
thrown [s\open\src\hotspot\share\interpreter\linkResolver.cpp, line 759]
Event: 7.064 Thread 0x000001f7607d2dc0 Exception <a 'sun/nio/fs/WindowsException'{0x000000008464ca98}> (0x000000008464ca98) 
thrown [s\open\src\hotspot\share\prims\jni.cpp, line 516]
Event: 7.125 Thread 0x000001f7607d2dc0 Exception <a 'java/lang/IncompatibleClassChangeError'{0x00000000844ce838}: Found class java.lang.Object, but interface was expected> (0x00000000844ce838) 
thrown [s\open\src\hotspot\share\interpreter\linkResolver.cpp, line 826]
Event: 7.179 Thread 0x000001f7607d2dc0 Exception <a 'java/lang/NoSuchMethodError'{0x00000000842b0c48}: 'void java.lang.invoke.DirectMethodHandle$Holder.invokeVirtual(java.lang.Object, java.lang.Object, long)'> (0x00000000842b0c48) 
thrown [s\open\src\hotspot\share\interpreter\linkResolver.cpp, line 759]
Event: 7.321 Thread 0x000001f7607d2dc0 Exception <a 'java/lang/NoSuchMethodError'{0x0000000086d93c98}: 'java.lang.Object java.lang.invoke.Invokers$Holder.invoke_MT(java.lang.Object, java.lang.Object, java.lang.Object, java.lang.Object, java.lang.Object, java.lang.Object, java.lang.Object, java.lang.Object, java.lang.Object)'> (0x0000000086d93c98) 
thrown [s\open\src\hotspot\share\interpreter\linkResolver.cpp, line 759]
Event: 7.436 Thread 0x000001f7607d2dc0 Exception <a 'java/lang/IncompatibleClassChangeError'{0x0000000086a6b188}: Found class java.lang.Object, but interface was expected> (0x0000000086a6b188) 
thrown [s\open\src\hotspot\share\interpreter\linkResolver.cpp, line 826]
Event: 7.500 Thread 0x000001f7607d2dc0 Exception <a 'java/lang/NoSuchMethodError'{0x00000000869c4028}: 'java.lang.Object java.lang.invoke.DirectMethodHandle$Holder.invokeSpecial(java.lang.Object, java.lang.Object, java.lang.Object, java.lang.Object, java.lang.Object, java.lang.Object, java.lang.Object, java.lang.Object, java.lang.Object, java.lang.Object, java.lang.Object)'> (0x00000000869c4028) 
thrown [s\open\src\hotspot\share\interpreter\linkResolver.cpp, line 759]
Event: 7.500 Thread 0x000001f7607d2dc0 Exception <a 'java/lang/NoSuchMethodError'{0x00000000869c8458}: 'java.lang.Object java.lang.invoke.Invokers$Holder.invoke_MT(java.lang.Object, java.lang.Object, java.lang.Object, java.lang.Object, java.lang.Object, java.lang.Object, java.lang.Object, java.lang.Object, java.lang.Object, java.lang.Object, java.lang.Object)'> (0x00000000869c8458) 
thrown [s\open\src\hotspot\share\interpreter\linkResolver.cpp, line 759]
Event: 7.620 Thread 0x000001f7607d2dc0 Exception <a 'java/lang/NoSuchMethodError'{0x0000000084c82a40}: 'java.lang.Object java.lang.invoke.DirectMethodHandle$Holder.newInvokeSpecial(java.lang.Object, java.lang.Object, int, java.lang.Object, java.lang.Object)'> (0x0000000084c82a40) 
thrown [s\open\src\hotspot\share\interpreter\linkResolver.cpp, line 759]
Event: 12.092 Thread 0x000001f760976570 Exception <a 'java/lang/NoSuchMethodError'{0x00000000847a0010}: 'java.lang.Object java.lang.invoke.DirectMethodHandle$Holder.invokeSpecial(java.lang.Object, java.lang.Object, java.lang.Object, java.lang.Object, java.lang.Object, long)'> (0x00000000847a0010) 
thrown [s\open\src\hotspot\share\interpreter\linkResolver.cpp, line 759]
Event: 12.092 Thread 0x000001f760976570 Exception <a 'java/lang/NoSuchMethodError'{0x00000000847a3a50}: 'java.lang.Object java.lang.invoke.Invokers$Holder.linkToTargetMethod(java.lang.Object, java.lang.Object, java.lang.Object, long, java.lang.Object)'> (0x00000000847a3a50) 
thrown [s\open\src\hotspot\share\interpreter\linkResolver.cpp, line 759]

VM Operations (20 events):
Event: 7.142 Executing VM operation: HandshakeAllThreads
Event: 7.142 Executing VM operation: HandshakeAllThreads done
Event: 7.204 Executing VM operation: G1CollectForAllocation
Event: 7.211 Executing VM operation: G1CollectForAllocation done
Event: 7.243 Executing VM operation: HandshakeAllThreads
Event: 7.243 Executing VM operation: HandshakeAllThreads done
Event: 7.619 Executing VM operation: HandshakeAllThreads
Event: 7.619 Executing VM operation: HandshakeAllThreads done
Event: 8.623 Executing VM operation: Cleanup
Event: 8.623 Executing VM operation: Cleanup done
Event: 12.111 Executing VM operation: HandshakeAllThreads
Event: 12.111 Executing VM operation: HandshakeAllThreads done
Event: 12.111 Executing VM operation: Cleanup
Event: 12.111 Executing VM operation: Cleanup done
Event: 12.157 Executing VM operation: G1CollectForAllocation
Event: 12.162 Executing VM operation: G1CollectForAllocation done
Event: 12.176 Executing VM operation: HandshakeAllThreads
Event: 12.176 Executing VM operation: HandshakeAllThreads done
Event: 12.212 Executing VM operation: HandshakeAllThreads
Event: 12.212 Executing VM operation: HandshakeAllThreads done

Events (20 events):
Event: 12.055 loading class sun/nio/ch/SocketChannelImpl$DefaultOptionsHolder done
Event: 12.056 loading class sun/nio/ch/SelectionKeyImpl
Event: 12.056 loading class java/nio/channels/spi/AbstractSelectionKey
Event: 12.056 loading class java/nio/channels/SelectionKey
Event: 12.056 loading class java/nio/channels/SelectionKey done
Event: 12.056 loading class java/nio/channels/spi/AbstractSelectionKey done
Event: 12.056 loading class sun/nio/ch/SelectionKeyImpl done
Event: 12.056 loading class java/lang/invoke/ConstantBootstraps
Event: 12.057 loading class java/lang/invoke/ConstantBootstraps done
Event: 12.169 Thread 0x000001f7a75dd990 Thread added: 0x000001f7a75dd990
Event: 12.182 loading class java/time/format/DateTimeFormatterBuilder$ZoneTextPrinterParser
Event: 12.182 loading class java/time/format/DateTimeFormatterBuilder$ZoneTextPrinterParser done
Event: 12.182 loading class java/time/format/DateTimeFormatterBuilder$ReducedPrinterParser
Event: 12.182 loading class java/time/format/DateTimeFormatterBuilder$ReducedPrinterParser done
Event: 12.185 loading class java/io/PushbackInputStream
Event: 12.185 loading class java/io/PushbackInputStream done
Event: 12.194 loading class org/w3c/dom/Node
Event: 12.194 loading class org/w3c/dom/Node done
Event: 12.194 loading class org/w3c/dom/Document
Event: 12.195 loading class org/w3c/dom/Document done


Dynamic libraries:
0x00007ff6bcc90000 - 0x00007ff6bcca0000 	C:\Program Files\Java\jdk-17\bin\java.exe
0x00007ffe53310000 - 0x00007ffe53508000 	C:\Windows\SYSTEM32\ntdll.dll
0x00007ffe51590000 - 0x00007ffe51652000 	C:\Windows\System32\KERNEL32.DLL
0x00007ffe50a20000 - 0x00007ffe50d1f000 	C:\Windows\System32\KERNELBASE.dll
0x00007ffe50d20000 - 0x00007ffe50e20000 	C:\Windows\System32\ucrtbase.dll
0x00007ffe4dc10000 - 0x00007ffe4dc2b000 	C:\Program Files\Java\jdk-17\bin\VCRUNTIME140.dll
0x00007ffe4dbf0000 - 0x00007ffe4dc09000 	C:\Program Files\Java\jdk-17\bin\jli.dll
0x00007ffe527e0000 - 0x00007ffe5288f000 	C:\Windows\System32\ADVAPI32.dll
0x00007ffe51a20000 - 0x00007ffe51abe000 	C:\Windows\System32\msvcrt.dll
0x00007ffe51980000 - 0x00007ffe51a1f000 	C:\Windows\System32\sechost.dll
0x00007ffe51be0000 - 0x00007ffe51d03000 	C:\Windows\System32\RPCRT4.dll
0x00007ffe51300000 - 0x00007ffe51327000 	C:\Windows\System32\bcrypt.dll
0x00007ffe51710000 - 0x00007ffe518ad000 	C:\Windows\System32\USER32.dll
0x00007ffe510f0000 - 0x00007ffe51112000 	C:\Windows\System32\win32u.dll
0x00007ffe52010000 - 0x00007ffe5203b000 	C:\Windows\System32\GDI32.dll
0x00007ffe50f80000 - 0x00007ffe5109a000 	C:\Windows\System32\gdi32full.dll
0x00007ffe51120000 - 0x00007ffe511bd000 	C:\Windows\System32\msvcp_win.dll
0x00007ffe42c30000 - 0x00007ffe42eca000 	C:\Windows\WinSxS\amd64_microsoft.windows.common-controls_6595b64144ccf1df_6.0.19041.4355_none_60b8b9eb71f62e16\COMCTL32.dll
0x00007ffe4c590000 - 0x00007ffe4c59a000 	C:\Windows\SYSTEM32\VERSION.dll
0x00007ffe52040000 - 0x00007ffe5206f000 	C:\Windows\System32\IMM32.DLL
0x00007ffe4df60000 - 0x00007ffe4df6c000 	C:\Program Files\Java\jdk-17\bin\vcruntime140_1.dll
0x00007ffe43aa0000 - 0x00007ffe43b2e000 	C:\Program Files\Java\jdk-17\bin\msvcp140.dll
0x00007ffe1ca10000 - 0x00007ffe1d5f0000 	C:\Program Files\Java\jdk-17\bin\server\jvm.dll
0x00007ffe51580000 - 0x00007ffe51588000 	C:\Windows\System32\PSAPI.DLL
0x00007ffe424d0000 - 0x00007ffe424d9000 	C:\Windows\SYSTEM32\WSOCK32.dll
0x00007ffe51910000 - 0x00007ffe5197b000 	C:\Windows\System32\WS2_32.dll
0x00007ffe43c70000 - 0x00007ffe43c97000 	C:\Windows\SYSTEM32\WINMM.dll
0x00007ffe4e770000 - 0x00007ffe4e782000 	C:\Windows\SYSTEM32\kernel.appcore.dll
0x00007ffe4dc50000 - 0x00007ffe4dc5a000 	C:\Program Files\Java\jdk-17\bin\jimage.dll
0x00007ffe432e0000 - 0x00007ffe434c4000 	C:\Windows\SYSTEM32\DBGHELP.DLL
0x00007ffe42a10000 - 0x00007ffe42a44000 	C:\Windows\SYSTEM32\dbgcore.DLL
0x00007ffe51270000 - 0x00007ffe512f2000 	C:\Windows\System32\bcryptPrimitives.dll
0x00007ffe4da60000 - 0x00007ffe4da6e000 	C:\Program Files\Java\jdk-17\bin\instrument.dll
0x00007ffe49850000 - 0x00007ffe49875000 	C:\Program Files\Java\jdk-17\bin\java.dll
0x00007ffe302f0000 - 0x00007ffe303c7000 	C:\Program Files\Java\jdk-17\bin\jsvml.dll
0x00007ffe52070000 - 0x00007ffe527dd000 	C:\Windows\System32\SHELL32.dll
0x00007ffe4ea50000 - 0x00007ffe4f1f4000 	C:\Windows\SYSTEM32\windows.storage.dll
0x00007ffe52f70000 - 0x00007ffe532c5000 	C:\Windows\System32\combase.dll
0x00007ffe50310000 - 0x00007ffe5033b000 	C:\Windows\SYSTEM32\Wldp.dll
0x00007ffe51f40000 - 0x00007ffe5200d000 	C:\Windows\System32\OLEAUT32.dll
0x00007ffe51660000 - 0x00007ffe5170d000 	C:\Windows\System32\SHCORE.dll
0x00007ffe51da0000 - 0x00007ffe51df5000 	C:\Windows\System32\shlwapi.dll
0x00007ffe508e0000 - 0x00007ffe50905000 	C:\Windows\SYSTEM32\profapi.dll
0x00007ffe4d900000 - 0x00007ffe4d918000 	C:\Program Files\Java\jdk-17\bin\zip.dll
0x00007ffe49ea0000 - 0x00007ffe49eb9000 	C:\Program Files\Java\jdk-17\bin\net.dll
0x00007ffe4a120000 - 0x00007ffe4a22a000 	C:\Windows\SYSTEM32\WINHTTP.dll
0x00007ffe50070000 - 0x00007ffe500dc000 	C:\Windows\system32\mswsock.dll
0x00007ffe49830000 - 0x00007ffe49846000 	C:\Program Files\Java\jdk-17\bin\nio.dll
0x00007ffe4c5c0000 - 0x00007ffe4c5ca000 	C:\Program Files\Java\jdk-17\bin\management.dll
0x00007ffe4a8b0000 - 0x00007ffe4a8bb000 	C:\Program Files\Java\jdk-17\bin\management_ext.dll
0x00007ffe3bb00000 - 0x00007ffe3bb0e000 	C:\Program Files\Java\jdk-17\bin\sunmscapi.dll
0x00007ffe50e20000 - 0x00007ffe50f7c000 	C:\Windows\System32\CRYPT32.dll
0x00007ffe50380000 - 0x00007ffe503a7000 	C:\Windows\SYSTEM32\ncrypt.dll
0x00007ffe50340000 - 0x00007ffe5037b000 	C:\Windows\SYSTEM32\NTASN1.dll
0x00007ffe50270000 - 0x00007ffe50288000 	C:\Windows\SYSTEM32\CRYPTSP.dll
0x00007ffe4f990000 - 0x00007ffe4f9c8000 	C:\Windows\system32\rsaenh.dll
0x00007ffe508a0000 - 0x00007ffe508ce000 	C:\Windows\SYSTEM32\USERENV.dll
0x00007ffe50260000 - 0x00007ffe5026c000 	C:\Windows\SYSTEM32\CRYPTBASE.dll
0x00007ffe4fd50000 - 0x00007ffe4fd8b000 	C:\Windows\SYSTEM32\IPHLPAPI.DLL
0x00007ffe529d0000 - 0x00007ffe529d8000 	C:\Windows\System32\NSI.dll
0x00007ffe4adb0000 - 0x00007ffe4adc7000 	C:\Windows\SYSTEM32\dhcpcsvc6.DLL
0x00007ffe4ab90000 - 0x00007ffe4abad000 	C:\Windows\SYSTEM32\dhcpcsvc.DLL
0x00007ffe4fd90000 - 0x00007ffe4fe5a000 	C:\Windows\SYSTEM32\DNSAPI.dll
0x00007ffe3baf0000 - 0x00007ffe3bb00000 	C:\Program Files\Java\jdk-17\bin\verify.dll
0x00007ffe490d0000 - 0x00007ffe490da000 	C:\Windows\System32\rasadhlp.dll
0x00007ffe498b0000 - 0x00007ffe49930000 	C:\Windows\System32\fwpuclnt.dll
0x00007ffe4c5d0000 - 0x00007ffe4c5d7000 	C:\Windows\system32\wshunix.dll

dbghelp: loaded successfully - version: 4.0.5 - missing functions: none
symbol engine: initialized successfully - sym options: 0x614 - pdb path: .;C:\Program Files\Java\jdk-17\bin;C:\Windows\SYSTEM32;C:\Windows\WinSxS\amd64_microsoft.windows.common-controls_6595b64144ccf1df_6.0.19041.4355_none_60b8b9eb71f62e16;C:\Program Files\Java\jdk-17\bin\server

VM Arguments:
jvm_args: -javaagent:C:\Program Files\JetBrains\IntelliJ IDEA Community Edition 2024.3.5\lib\idea_rt.jar=54556 -Dfile.encoding=UTF-8 
java_command: com.example.proposal.Proposal2Application
java_class_path (initial): C:\Proposal2\target\classes;C:\Users\Administrator\.m2\repository\org\springframework\boot\spring-boot-starter-data-jpa\3.4.4\spring-boot-starter-data-jpa-3.4.4.jar;C:\Users\Administrator\.m2\repository\org\springframework\boot\spring-boot-starter\3.4.4\spring-boot-starter-3.4.4.jar;C:\Users\Administrator\.m2\repository\org\springframework\boot\spring-boot-starter-logging\3.4.4\spring-boot-starter-logging-3.4.4.jar;C:\Users\Administrator\.m2\repository\ch\qos\logback\logback-classic\1.5.18\logback-classic-1.5.18.jar;C:\Users\Administrator\.m2\repository\ch\qos\logback\logback-core\1.5.18\logback-core-1.5.18.jar;C:\Users\Administrator\.m2\repository\org\apache\logging\log4j\log4j-to-slf4j\2.24.3\log4j-to-slf4j-2.24.3.jar;C:\Users\Administrator\.m2\repository\org\apache\logging\log4j\log4j-api\2.24.3\log4j-api-2.24.3.jar;C:\Users\Administrator\.m2\repository\org\slf4j\jul-to-slf4j\2.0.17\jul-to-slf4j-2.0.17.jar;C:\Users\Administrator\.m2\repository\jakarta\annotation\jakarta.annotation-api\2.1.1\jakarta.annotation-api-2.1.1.jar;C:\Users\Administrator\.m2\repository\org\yaml\snakeyaml\2.3\snakeyaml-2.3.jar;C:\Users\Administrator\.m2\repository\org\springframework\boot\spring-boot-starter-jdbc\3.4.4\spring-boot-starter-jdbc-3.4.4.jar;C:\Users\Administrator\.m2\repository\com\zaxxer\HikariCP\5.1.0\HikariCP-5.1.0.jar;C:\Users\Administrator\.m2\repository\org\springframework\spring-jdbc\6.2.5\spring-jdbc-6.2.5.jar;C:\Users\Administrator\.m2\repository\org\hibernate\orm\hibernate-core\6.6.11.Final\hibernate-core-6.6.11.Final.jar;C:\Users\Administrator\.m2\repository\jakarta\persistence\jakarta.persistence-api\3.1.0\jakarta.persistence-api-3.1.0.jar;C:\Users\Administrator\.m2\repository\jakarta\transaction\jakarta.transaction-api\2.0.1\jakarta.transaction-api-2.0.1.jar;C:\Users\Administrator\.m2\repository\org\jboss\logging\jboss-logging\3.6.1.Final\jboss-logging-3.6.1.Final.jar;C:\Users\Administrator\.m2\repository\org\hibernate\common\hibernate
Launcher Type: SUN_STANDARD

[Global flags]
     intx CICompilerCount                          = 3                                         {product} {ergonomic}
     uint ConcGCThreads                            = 1                                         {product} {ergonomic}
     uint G1ConcRefinementThreads                  = 4                                         {product} {ergonomic}
   size_t G1HeapRegionSize                         = 1048576                                   {product} {ergonomic}
    uintx GCDrainStackTargetSize                   = 64                                        {product} {ergonomic}
   size_t InitialHeapSize                          = 134217728                                 {product} {ergonomic}
   size_t MarkStackSize                            = 4194304                                   {product} {ergonomic}
   size_t MaxHeapSize                              = 2118123520                                {product} {ergonomic}
   size_t MaxNewSize                               = 1270874112                                {product} {ergonomic}
   size_t MinHeapDeltaBytes                        = 1048576                                   {product} {ergonomic}
   size_t MinHeapSize                              = 8388608                                   {product} {ergonomic}
    uintx NonNMethodCodeHeapSize                   = 5832780                                {pd product} {ergonomic}
    uintx NonProfiledCodeHeapSize                  = 122912730                              {pd product} {ergonomic}
    uintx ProfiledCodeHeapSize                     = 122912730                              {pd product} {ergonomic}
    uintx ReservedCodeCacheSize                    = 251658240                              {pd product} {ergonomic}
     bool SegmentedCodeCache                       = true                                      {product} {ergonomic}
   size_t SoftMaxHeapSize                          = 2118123520                             {manageable} {ergonomic}
     bool UseCompressedClassPointers               = true                           {product lp64_product} {ergonomic}
     bool UseCompressedOops                        = true                           {product lp64_product} {ergonomic}
     bool UseG1GC                                  = true                                      {product} {ergonomic}
     bool UseLargePagesIndividualAllocation        = false                                  {pd product} {ergonomic}

Logging:
Log output configuration:
 #0: stdout all=warning uptime,level,tags
 #1: stderr all=off uptime,level,tags

Environment Variables:
PATH=C:\Program Files\Common Files\Oracle\Java\javapath;C:\Windows\system32;C:\Windows;C:\Windows\System32\Wbem;C:\Windows\System32\WindowsPowerShell\v1.0\;C:\Windows\System32\OpenSSH\;C:\laragon\bin\php\php-8.3.12-Win32-vs16-x64;D:\Microsoft VS Code\bin;D:\xampp\php;C:\ProgramData\ComposerSetup\bin;C:\ProgramData\chocolatey\bin;D:\nvm;C:\Program Files\nodejs;C:\Program Files\WinMerge;C:\Program Files\MongoDB\mongosh-2.2.6-win32-x64\bin;C:\Program Files\MongoDB\Server\7.0\bin;C:\Program Files\Java\jdk-17\bin;D:\Git\cmd;C:\Users\Administrator\AppData\Local\Microsoft\WindowsApps;;C:\Program Files\JetBrains\IntelliJ IDEA Community Edition 2024.3.5\bin;
USERNAME=Administrator
OS=Windows_NT
PROCESSOR_IDENTIFIER=Intel64 Family 6 Model 94 Stepping 3, GenuineIntel



---------------  S Y S T E M  ---------------

OS:
 Windows 10 , 64 bit Build 19041 (10.0.19041.5438)
OS uptime: 0 days 4:27 hours

CPU: total 4 (initial active 4) (4 cores per cpu, 1 threads per core) family 6 model 94 stepping 3 microcode 0xec, cx8, cmov, fxsr, mmx, 3dnowpref, sse, sse2, sse3, ssse3, sse4.1, sse4.2, popcnt, lzcnt, tsc, tscinvbit, avx, avx2, aes, erms, clmul, bmi1, bmi2, rtm, adx, fma, vzeroupper, clflush, clflushopt

Memory: 4k page, system-wide physical 8076M (1036M free)
TotalPageFile size 8076M (AvailPageFile size 6M)
current process WorkingSet (physical memory assigned to process): 242M, peak: 263M
current process commit charge ("private bytes"): 275M, peak: 294M

vm_info: Java HotSpot(TM) 64-Bit Server VM (17.0.12+8-LTS-286) for windows-amd64 JRE (17.0.12+8-LTS-286), built on Jun  5 2024 06:46:59 by "mach5one" with MS VC++ 17.6 (VS2022)

END.
